<?xml version="1.0" encoding="UTF-8"?>
<Site BuildName="Linux-c89-gcc"
	BuildStamp="20231212-0905-Experimental"
	Name="rykerdz-Laptop"
	Generator="ctest-3.16.3"
	CompilerName=""
	CompilerVersion=""
	OSName="Linux"
	Hostname="rykerdz-Laptop"
	OSRelease="5.15.0-89-generic"
	OSVersion="#99~20.04.1-Ubuntu SMP Thu Nov 2 15:16:47 UTC 2023"
	OSPlatform="x86_64"
	Is64Bits="1"
	VendorString="GenuineIntel"
	VendorID="Intel Corporation"
	FamilyID="6"
	ModelID="142"
	ProcessorCacheSize="6144"
	NumberOfLogicalCPU="8"
	NumberOfPhysicalCPU="4"
	TotalVirtualMemory="2047"
	TotalPhysicalMemory="7793"
	LogicalProcessorsPerPhysical="2"
	ProcessorClockFrequency="2531.36"
	>
	<Testing>
		<StartDateTime>Dec 12 10:05 CET</StartDateTime>
		<StartTestTime>1702371921</StartTestTime>
		<TestList/>
		<EndDateTime>Dec 12 10:05 CET</EndDateTime>
		<EndTestTime>1702371921</EndTestTime>
		<ElapsedMinutes>0</ElapsedMinutes>
	</Testing>
</Site>
