<?xml version="1.0" encoding="UTF-8"?>
<Site BuildName="Linux-c89-gcc"
	BuildStamp="20231121-0853-Experimental"
	Name="rykerdz-Laptop"
	Generator="ctest-3.16.3"
	CompilerName=""
	CompilerVersion=""
	OSName="Linux"
	Hostname="rykerdz-Laptop"
	OSRelease="5.15.0-88-generic"
	OSVersion="#98~20.04.1-Ubuntu SMP Mon Oct 9 16:43:45 UTC 2023"
	OSPlatform="x86_64"
	Is64Bits="1"
	VendorString="GenuineIntel"
	VendorID="Intel Corporation"
	FamilyID="6"
	ModelID="142"
	ProcessorCacheSize="6144"
	NumberOfLogicalCPU="8"
	NumberOfPhysicalCPU="4"
	TotalVirtualMemory="2047"
	TotalPhysicalMemory="7793"
	LogicalProcessorsPerPhysical="2"
	ProcessorClockFrequency="1800"
	>
	<Testing>
		<StartDateTime>Nov 21 10:53 CET</StartDateTime>
		<StartTestTime>1700560415</StartTestTime>
		<TestList/>
		<EndDateTime>Nov 21 10:53 CET</EndDateTime>
		<EndTestTime>1700560415</EndTestTime>
		<ElapsedMinutes>0</ElapsedMinutes>
	</Testing>
</Site>
