<?xml version="1.0" encoding="UTF-8"?>
<Site BuildName="Linux-c89-gcc"
	BuildStamp="20231024-1027-Experimental"
	Name="rykerdz-Laptop"
	Generator="ctest-3.16.3"
	CompilerName=""
	CompilerVersion=""
	OSName="Linux"
	Hostname="rykerdz-Laptop"
	OSRelease="5.15.0-87-generic"
	OSVersion="#97~20.04.1-Ubuntu SMP Thu Oct 5 08:25:28 UTC 2023"
	OSPlatform="x86_64"
	Is64Bits="1"
	VendorString="GenuineIntel"
	VendorID="Intel Corporation"
	FamilyID="6"
	ModelID="142"
	ProcessorCacheSize="6144"
	NumberOfLogicalCPU="8"
	NumberOfPhysicalCPU="4"
	TotalVirtualMemory="2047"
	TotalPhysicalMemory="7793"
	LogicalProcessorsPerPhysical="2"
	ProcessorClockFrequency="1800"
	>
	<Testing>
		<StartDateTime>Oct 24 11:35 CET</StartDateTime>
		<StartTestTime>1698143710</StartTestTime>
		<TestList/>
		<EndDateTime>Oct 24 11:35 CET</EndDateTime>
		<EndTestTime>1698143710</EndTestTime>
		<ElapsedMinutes>0</ElapsedMinutes>
	</Testing>
</Site>
